1751986123.647053 client started (46638): version 3.5a, socket /tmp/tmux-1000/default, protocol 8
1751986123.647078 on Linux 6.6.94 #1-NixOS SMP PREEMPT_DYNAMIC Thu Jun 19 13:28:47 UTC 2025
1751986123.647081 using libevent 2.1.12-stable poll
1751986123.647087 using utf8proc 2.9.0
1751986123.647088 using ncurses 6.4 20221231
1751986123.647106 flags are 0x10010000
1751986123.647116 socket is /tmp/tmux-1000/default
1751986123.647127 trying connect
1751986123.647186 add peer 0x25dd5980: 6 ((nil))
1751986123.647538 sending message 111 to peer 0x25dd5980 (8 bytes)
1751986123.647548 sending message 111 to peer 0x25dd5980 (8 bytes)
1751986123.647551 sending message 101 to peer 0x25dd5980 (14 bytes)
1751986123.647553 sending message 109 to peer 0x25dd5980 (4 bytes)
1751986123.647555 sending message 102 to peer 0x25dd5980 (11 bytes)
1751986123.647557 sending message 108 to peer 0x25dd5980 (33 bytes)
1751986123.647559 sending message 112 to peer 0x25dd5980 (70 bytes)
1751986123.647561 sending message 112 to peer 0x25dd5980 (5 bytes)
1751986123.647562 sending message 112 to peer 0x25dd5980 (5 bytes)
1751986123.647564 sending message 112 to peer 0x25dd5980 (6 bytes)
1751986123.647566 sending message 112 to peer 0x25dd5980 (6 bytes)
1751986123.647568 sending message 112 to peer 0x25dd5980 (11 bytes)
1751986123.647570 sending message 112 to peer 0x25dd5980 (10 bytes)
1751986123.647572 sending message 112 to peer 0x25dd5980 (13 bytes)
1751986123.647573 sending message 112 to peer 0x25dd5980 (13 bytes)
1751986123.647575 sending message 112 to peer 0x25dd5980 (18 bytes)
1751986123.647577 sending message 112 to peer 0x25dd5980 (11 bytes)
1751986123.647579 sending message 112 to peer 0x25dd5980 (10 bytes)
1751986123.647581 sending message 112 to peer 0x25dd5980 (15 bytes)
1751986123.647582 sending message 112 to peer 0x25dd5980 (21 bytes)
1751986123.647584 sending message 112 to peer 0x25dd5980 (13 bytes)
1751986123.647586 sending message 112 to peer 0x25dd5980 (7 bytes)
1751986123.647588 sending message 112 to peer 0x25dd5980 (13 bytes)
1751986123.647590 sending message 112 to peer 0x25dd5980 (7 bytes)
1751986123.647592 sending message 112 to peer 0x25dd5980 (13 bytes)
1751986123.647593 sending message 112 to peer 0x25dd5980 (9 bytes)
1751986123.647595 sending message 112 to peer 0x25dd5980 (21 bytes)
1751986123.647597 sending message 112 to peer 0x25dd5980 (13 bytes)
1751986123.647599 sending message 112 to peer 0x25dd5980 (8 bytes)
1751986123.647601 sending message 112 to peer 0x25dd5980 (12 bytes)
1751986123.647603 sending message 112 to peer 0x25dd5980 (13 bytes)
1751986123.647604 sending message 112 to peer 0x25dd5980 (9 bytes)
1751986123.647606 sending message 112 to peer 0x25dd5980 (9 bytes)
1751986123.647608 sending message 112 to peer 0x25dd5980 (12 bytes)
1751986123.647610 sending message 112 to peer 0x25dd5980 (8 bytes)
1751986123.647612 sending message 112 to peer 0x25dd5980 (8 bytes)
1751986123.647614 sending message 112 to peer 0x25dd5980 (7 bytes)
1751986123.647615 sending message 112 to peer 0x25dd5980 (7 bytes)
1751986123.647617 sending message 112 to peer 0x25dd5980 (9 bytes)
1751986123.647619 sending message 112 to peer 0x25dd5980 (13 bytes)
1751986123.647621 sending message 112 to peer 0x25dd5980 (6 bytes)
1751986123.647623 sending message 112 to peer 0x25dd5980 (9 bytes)
1751986123.647625 sending message 112 to peer 0x25dd5980 (15 bytes)
1751986123.647626 sending message 112 to peer 0x25dd5980 (13 bytes)
1751986123.647628 sending message 112 to peer 0x25dd5980 (12 bytes)
1751986123.647630 sending message 112 to peer 0x25dd5980 (8 bytes)
1751986123.647632 sending message 112 to peer 0x25dd5980 (14 bytes)
1751986123.647634 sending message 112 to peer 0x25dd5980 (11 bytes)
1751986123.647636 sending message 112 to peer 0x25dd5980 (9 bytes)
1751986123.647637 sending message 112 to peer 0x25dd5980 (10 bytes)
1751986123.647639 sending message 112 to peer 0x25dd5980 (10 bytes)
1751986123.647641 sending message 112 to peer 0x25dd5980 (10 bytes)
1751986123.647643 sending message 112 to peer 0x25dd5980 (10 bytes)
1751986123.647645 sending message 112 to peer 0x25dd5980 (11 bytes)
1751986123.647658 sending message 112 to peer 0x25dd5980 (12 bytes)
1751986123.647661 sending message 112 to peer 0x25dd5980 (12 bytes)
1751986123.647662 sending message 112 to peer 0x25dd5980 (12 bytes)
1751986123.647664 sending message 112 to peer 0x25dd5980 (12 bytes)
1751986123.647666 sending message 112 to peer 0x25dd5980 (12 bytes)
1751986123.647668 sending message 112 to peer 0x25dd5980 (11 bytes)
1751986123.647670 sending message 112 to peer 0x25dd5980 (11 bytes)
1751986123.647672 sending message 112 to peer 0x25dd5980 (12 bytes)
1751986123.647674 sending message 112 to peer 0x25dd5980 (12 bytes)
1751986123.647675 sending message 112 to peer 0x25dd5980 (12 bytes)
1751986123.647677 sending message 112 to peer 0x25dd5980 (12 bytes)
1751986123.647679 sending message 112 to peer 0x25dd5980 (12 bytes)
1751986123.647681 sending message 112 to peer 0x25dd5980 (10 bytes)
1751986123.647683 sending message 112 to peer 0x25dd5980 (12 bytes)
1751986123.647685 sending message 112 to peer 0x25dd5980 (13 bytes)
1751986123.647686 sending message 112 to peer 0x25dd5980 (13 bytes)
1751986123.647688 sending message 112 to peer 0x25dd5980 (13 bytes)
1751986123.647690 sending message 112 to peer 0x25dd5980 (13 bytes)
1751986123.647692 sending message 112 to peer 0x25dd5980 (13 bytes)
1751986123.647694 sending message 112 to peer 0x25dd5980 (8 bytes)
1751986123.647696 sending message 112 to peer 0x25dd5980 (11 bytes)
1751986123.647698 sending message 112 to peer 0x25dd5980 (11 bytes)
1751986123.647699 sending message 112 to peer 0x25dd5980 (11 bytes)
1751986123.647701 sending message 112 to peer 0x25dd5980 (12 bytes)
1751986123.647703 sending message 112 to peer 0x25dd5980 (12 bytes)
1751986123.647705 sending message 112 to peer 0x25dd5980 (12 bytes)
1751986123.647707 sending message 112 to peer 0x25dd5980 (12 bytes)
1751986123.647709 sending message 112 to peer 0x25dd5980 (13 bytes)
1751986123.647710 sending message 112 to peer 0x25dd5980 (13 bytes)
1751986123.647712 sending message 112 to peer 0x25dd5980 (13 bytes)
1751986123.647714 sending message 112 to peer 0x25dd5980 (8 bytes)
1751986123.647716 sending message 112 to peer 0x25dd5980 (13 bytes)
1751986123.647718 sending message 112 to peer 0x25dd5980 (13 bytes)
1751986123.647720 sending message 112 to peer 0x25dd5980 (13 bytes)
1751986123.647721 sending message 112 to peer 0x25dd5980 (13 bytes)
1751986123.647723 sending message 112 to peer 0x25dd5980 (13 bytes)
1751986123.647725 sending message 112 to peer 0x25dd5980 (12 bytes)
1751986123.647727 sending message 112 to peer 0x25dd5980 (12 bytes)
1751986123.647729 sending message 112 to peer 0x25dd5980 (12 bytes)
1751986123.647731 sending message 112 to peer 0x25dd5980 (12 bytes)
1751986123.647732 sending message 112 to peer 0x25dd5980 (13 bytes)
1751986123.647734 sending message 112 to peer 0x25dd5980 (8 bytes)
1751986123.647736 sending message 112 to peer 0x25dd5980 (13 bytes)
1751986123.647738 sending message 112 to peer 0x25dd5980 (13 bytes)
1751986123.647740 sending message 112 to peer 0x25dd5980 (13 bytes)
1751986123.647742 sending message 112 to peer 0x25dd5980 (13 bytes)
1751986123.647744 sending message 112 to peer 0x25dd5980 (13 bytes)
1751986123.647745 sending message 112 to peer 0x25dd5980 (13 bytes)
1751986123.647747 sending message 112 to peer 0x25dd5980 (13 bytes)
1751986123.647749 sending message 112 to peer 0x25dd5980 (12 bytes)
1751986123.647751 sending message 112 to peer 0x25dd5980 (12 bytes)
1751986123.647753 sending message 112 to peer 0x25dd5980 (12 bytes)
1751986123.647755 sending message 112 to peer 0x25dd5980 (8 bytes)
1751986123.647756 sending message 112 to peer 0x25dd5980 (12 bytes)
1751986123.647758 sending message 112 to peer 0x25dd5980 (13 bytes)
1751986123.647760 sending message 112 to peer 0x25dd5980 (13 bytes)
1751986123.647762 sending message 112 to peer 0x25dd5980 (13 bytes)
1751986123.647764 sending message 112 to peer 0x25dd5980 (13 bytes)
1751986123.647766 sending message 112 to peer 0x25dd5980 (13 bytes)
1751986123.647768 sending message 112 to peer 0x25dd5980 (13 bytes)
1751986123.647771 sending message 112 to peer 0x25dd5980 (13 bytes)
1751986123.647773 sending message 112 to peer 0x25dd5980 (13 bytes)
1751986123.647775 sending message 112 to peer 0x25dd5980 (12 bytes)
1751986123.647777 sending message 112 to peer 0x25dd5980 (10 bytes)
1751986123.647779 sending message 112 to peer 0x25dd5980 (12 bytes)
1751986123.647781 sending message 112 to peer 0x25dd5980 (12 bytes)
1751986123.647782 sending message 112 to peer 0x25dd5980 (12 bytes)
1751986123.647784 sending message 112 to peer 0x25dd5980 (13 bytes)
1751986123.647786 sending message 112 to peer 0x25dd5980 (13 bytes)
1751986123.647788 sending message 112 to peer 0x25dd5980 (13 bytes)
1751986123.647790 sending message 112 to peer 0x25dd5980 (13 bytes)
1751986123.647792 sending message 112 to peer 0x25dd5980 (13 bytes)
1751986123.647793 sending message 112 to peer 0x25dd5980 (13 bytes)
1751986123.647795 sending message 112 to peer 0x25dd5980 (13 bytes)
1751986123.647797 sending message 112 to peer 0x25dd5980 (10 bytes)
1751986123.647799 sending message 112 to peer 0x25dd5980 (13 bytes)
1751986123.647801 sending message 112 to peer 0x25dd5980 (12 bytes)
1751986123.647803 sending message 112 to peer 0x25dd5980 (12 bytes)
1751986123.647804 sending message 112 to peer 0x25dd5980 (12 bytes)
1751986123.647806 sending message 112 to peer 0x25dd5980 (10 bytes)
1751986123.647808 sending message 112 to peer 0x25dd5980 (10 bytes)
1751986123.647810 sending message 112 to peer 0x25dd5980 (10 bytes)
1751986123.647812 sending message 112 to peer 0x25dd5980 (12 bytes)
1751986123.647814 sending message 112 to peer 0x25dd5980 (13 bytes)
1751986123.647815 sending message 112 to peer 0x25dd5980 (13 bytes)
1751986123.647817 sending message 112 to peer 0x25dd5980 (13 bytes)
1751986123.647819 sending message 112 to peer 0x25dd5980 (13 bytes)
1751986123.647821 sending message 112 to peer 0x25dd5980 (13 bytes)
1751986123.647823 sending message 112 to peer 0x25dd5980 (11 bytes)
1751986123.647825 sending message 112 to peer 0x25dd5980 (11 bytes)
1751986123.647826 sending message 112 to peer 0x25dd5980 (12 bytes)
1751986123.647828 sending message 112 to peer 0x25dd5980 (12 bytes)
1751986123.647830 sending message 112 to peer 0x25dd5980 (12 bytes)
1751986123.647832 sending message 112 to peer 0x25dd5980 (12 bytes)
1751986123.647834 sending message 112 to peer 0x25dd5980 (12 bytes)
1751986123.647836 sending message 112 to peer 0x25dd5980 (11 bytes)
1751986123.647837 sending message 112 to peer 0x25dd5980 (12 bytes)
1751986123.647839 sending message 112 to peer 0x25dd5980 (12 bytes)
1751986123.647841 sending message 112 to peer 0x25dd5980 (13 bytes)
1751986123.647843 sending message 112 to peer 0x25dd5980 (13 bytes)
1751986123.647845 sending message 112 to peer 0x25dd5980 (13 bytes)
1751986123.647847 sending message 112 to peer 0x25dd5980 (13 bytes)
1751986123.647848 sending message 112 to peer 0x25dd5980 (13 bytes)
1751986123.647850 sending message 112 to peer 0x25dd5980 (10 bytes)
1751986123.647852 sending message 112 to peer 0x25dd5980 (9 bytes)
1751986123.647854 sending message 112 to peer 0x25dd5980 (12 bytes)
1751986123.647856 sending message 112 to peer 0x25dd5980 (13 bytes)
1751986123.647858 sending message 112 to peer 0x25dd5980 (13 bytes)
1751986123.647859 sending message 112 to peer 0x25dd5980 (13 bytes)
1751986123.647861 sending message 112 to peer 0x25dd5980 (13 bytes)
1751986123.647863 sending message 112 to peer 0x25dd5980 (13 bytes)
1751986123.647865 sending message 112 to peer 0x25dd5980 (9 bytes)
1751986123.647867 sending message 112 to peer 0x25dd5980 (12 bytes)
1751986123.647869 sending message 112 to peer 0x25dd5980 (13 bytes)
1751986123.647870 sending message 112 to peer 0x25dd5980 (13 bytes)
1751986123.647872 sending message 112 to peer 0x25dd5980 (13 bytes)
1751986123.647874 sending message 112 to peer 0x25dd5980 (13 bytes)
1751986123.647876 sending message 112 to peer 0x25dd5980 (13 bytes)
1751986123.647878 sending message 112 to peer 0x25dd5980 (11 bytes)
1751986123.647880 sending message 112 to peer 0x25dd5980 (12 bytes)
1751986123.647883 sending message 112 to peer 0x25dd5980 (13 bytes)
1751986123.647885 sending message 112 to peer 0x25dd5980 (13 bytes)
1751986123.647887 sending message 112 to peer 0x25dd5980 (13 bytes)
1751986123.647889 sending message 112 to peer 0x25dd5980 (13 bytes)
1751986123.647890 sending message 112 to peer 0x25dd5980 (13 bytes)
1751986123.647892 sending message 112 to peer 0x25dd5980 (11 bytes)
1751986123.647894 sending message 112 to peer 0x25dd5980 (12 bytes)
1751986123.647896 sending message 112 to peer 0x25dd5980 (12 bytes)
1751986123.647898 sending message 112 to peer 0x25dd5980 (12 bytes)
1751986123.647900 sending message 112 to peer 0x25dd5980 (12 bytes)
1751986123.647902 sending message 112 to peer 0x25dd5980 (12 bytes)
1751986123.647904 sending message 112 to peer 0x25dd5980 (21 bytes)
1751986123.647905 sending message 112 to peer 0x25dd5980 (12 bytes)
1751986123.647907 sending message 112 to peer 0x25dd5980 (9 bytes)
1751986123.647909 sending message 112 to peer 0x25dd5980 (6 bytes)
1751986123.647911 sending message 112 to peer 0x25dd5980 (13 bytes)
1751986123.647913 sending message 112 to peer 0x25dd5980 (8 bytes)
1751986123.647915 sending message 112 to peer 0x25dd5980 (15 bytes)
1751986123.647917 sending message 112 to peer 0x25dd5980 (13 bytes)
1751986123.647919 sending message 112 to peer 0x25dd5980 (9 bytes)
1751986123.647921 sending message 112 to peer 0x25dd5980 (70 bytes)
1751986123.647923 sending message 112 to peer 0x25dd5980 (69 bytes)
1751986123.647924 sending message 112 to peer 0x25dd5980 (10 bytes)
1751986123.647926 sending message 112 to peer 0x25dd5980 (10 bytes)
1751986123.647928 sending message 112 to peer 0x25dd5980 (8 bytes)
1751986123.647930 sending message 112 to peer 0x25dd5980 (15 bytes)
1751986123.647932 sending message 112 to peer 0x25dd5980 (13 bytes)
1751986123.647934 sending message 112 to peer 0x25dd5980 (10 bytes)
1751986123.647936 sending message 112 to peer 0x25dd5980 (10 bytes)
1751986123.647938 sending message 112 to peer 0x25dd5980 (17 bytes)
1751986123.647940 sending message 112 to peer 0x25dd5980 (10 bytes)
1751986123.647942 sending message 112 to peer 0x25dd5980 (13 bytes)
1751986123.647944 sending message 112 to peer 0x25dd5980 (9 bytes)
1751986123.647946 sending message 112 to peer 0x25dd5980 (5 bytes)
1751986123.647948 sending message 112 to peer 0x25dd5980 (15 bytes)
1751986123.647950 sending message 104 to peer 0x25dd5980 (0 bytes)
1751986123.647953 sending message 110 to peer 0x25dd5980 (0 bytes)
1751986123.647955 sending message 107 to peer 0x25dd5980 (4 bytes)
1751986123.647957 sending message 105 to peer 0x25dd5980 (20 bytes)
1751986123.647959 sending message 105 to peer 0x25dd5980 (79 bytes)
1751986123.647961 sending message 105 to peer 0x25dd5980 (92 bytes)
1751986123.647963 sending message 105 to peer 0x25dd5980 (88 bytes)
1751986123.647965 sending message 105 to peer 0x25dd5980 (30 bytes)
1751986123.647967 sending message 105 to peer 0x25dd5980 (22 bytes)
1751986123.647969 sending message 105 to peer 0x25dd5980 (11 bytes)
1751986123.647971 sending message 105 to peer 0x25dd5980 (12 bytes)
1751986123.647973 sending message 105 to peer 0x25dd5980 (122 bytes)
1751986123.647975 sending message 105 to peer 0x25dd5980 (17 bytes)
1751986123.647977 sending message 105 to peer 0x25dd5980 (21 bytes)
1751986123.647979 sending message 105 to peer 0x25dd5980 (208 bytes)
1751986123.647981 sending message 105 to peer 0x25dd5980 (404 bytes)
1751986123.647983 sending message 105 to peer 0x25dd5980 (23 bytes)
1751986123.647986 sending message 105 to peer 0x25dd5980 (723 bytes)
1751986123.647987 sending message 105 to peer 0x25dd5980 (20 bytes)
1751986123.647989 sending message 105 to peer 0x25dd5980 (437 bytes)
1751986123.647992 sending message 105 to peer 0x25dd5980 (47 bytes)
1751986123.647994 sending message 105 to peer 0x25dd5980 (24 bytes)
1751986123.647995 sending message 105 to peer 0x25dd5980 (17 bytes)
1751986123.647997 sending message 105 to peer 0x25dd5980 (23 bytes)
1751986123.647999 sending message 105 to peer 0x25dd5980 (30 bytes)
1751986123.648001 sending message 105 to peer 0x25dd5980 (27 bytes)
1751986123.648005 sending message 105 to peer 0x25dd5980 (24 bytes)
1751986123.648007 sending message 105 to peer 0x25dd5980 (20 bytes)
1751986123.648009 sending message 105 to peer 0x25dd5980 (23 bytes)
1751986123.648011 sending message 105 to peer 0x25dd5980 (21 bytes)
1751986123.648013 sending message 105 to peer 0x25dd5980 (25 bytes)
1751986123.648015 sending message 105 to peer 0x25dd5980 (20 bytes)
1751986123.648017 sending message 105 to peer 0x25dd5980 (72 bytes)
1751986123.648019 sending message 105 to peer 0x25dd5980 (87 bytes)
1751986123.648021 sending message 105 to peer 0x25dd5980 (227 bytes)
1751986123.648022 sending message 105 to peer 0x25dd5980 (64 bytes)
1751986123.648024 sending message 105 to peer 0x25dd5980 (17 bytes)
1751986123.648027 sending message 105 to peer 0x25dd5980 (1905 bytes)
1751986123.648038 sending message 105 to peer 0x25dd5980 (16 bytes)
1751986123.648041 sending message 105 to peer 0x25dd5980 (182 bytes)
1751986123.648043 sending message 105 to peer 0x25dd5980 (51 bytes)
1751986123.648045 sending message 105 to peer 0x25dd5980 (107 bytes)
1751986123.648047 sending message 105 to peer 0x25dd5980 (43 bytes)
1751986123.648048 sending message 105 to peer 0x25dd5980 (165 bytes)
1751986123.648051 sending message 105 to peer 0x25dd5980 (155 bytes)
1751986123.648052 sending message 105 to peer 0x25dd5980 (179 bytes)
1751986123.648054 sending message 105 to peer 0x25dd5980 (61 bytes)
1751986123.648056 sending message 105 to peer 0x25dd5980 (83 bytes)
1751986123.648058 sending message 105 to peer 0x25dd5980 (40 bytes)
1751986123.648060 sending message 105 to peer 0x25dd5980 (11 bytes)
1751986123.648062 sending message 105 to peer 0x25dd5980 (237 bytes)
1751986123.648064 sending message 105 to peer 0x25dd5980 (37 bytes)
1751986123.648066 sending message 105 to peer 0x25dd5980 (313 bytes)
1751986123.648068 sending message 105 to peer 0x25dd5980 (82 bytes)
1751986123.648070 sending message 105 to peer 0x25dd5980 (37 bytes)
1751986123.648072 sending message 105 to peer 0x25dd5980 (8 bytes)
1751986123.648074 sending message 105 to peer 0x25dd5980 (103 bytes)
1751986123.648076 sending message 105 to peer 0x25dd5980 (101 bytes)
1751986123.648078 sending message 105 to peer 0x25dd5980 (41 bytes)
1751986123.648080 sending message 105 to peer 0x25dd5980 (23 bytes)
1751986123.648081 sending message 105 to peer 0x25dd5980 (19 bytes)
1751986123.648083 sending message 105 to peer 0x25dd5980 (270 bytes)
1751986123.648085 sending message 105 to peer 0x25dd5980 (18 bytes)
1751986123.648087 sending message 105 to peer 0x25dd5980 (26 bytes)
1751986123.648089 sending message 105 to peer 0x25dd5980 (36 bytes)
1751986123.648091 sending message 105 to peer 0x25dd5980 (13 bytes)
1751986123.648093 sending message 105 to peer 0x25dd5980 (20 bytes)
1751986123.648095 sending message 105 to peer 0x25dd5980 (14 bytes)
1751986123.648097 sending message 105 to peer 0x25dd5980 (18 bytes)
1751986123.648099 sending message 105 to peer 0x25dd5980 (17 bytes)
1751986123.648100 sending message 105 to peer 0x25dd5980 (26 bytes)
1751986123.648102 sending message 105 to peer 0x25dd5980 (54 bytes)
1751986123.648104 sending message 105 to peer 0x25dd5980 (557 bytes)
1751986123.648107 sending message 105 to peer 0x25dd5980 (318 bytes)
1751986123.648109 sending message 105 to peer 0x25dd5980 (26 bytes)
1751986123.648111 sending message 105 to peer 0x25dd5980 (1561 bytes)
1751986123.648113 sending message 105 to peer 0x25dd5980 (23 bytes)
1751986123.648115 sending message 105 to peer 0x25dd5980 (31 bytes)
1751986123.648117 sending message 105 to peer 0x25dd5980 (23 bytes)
1751986123.648119 sending message 105 to peer 0x25dd5980 (26 bytes)
1751986123.648121 sending message 105 to peer 0x25dd5980 (25 bytes)
1751986123.648123 sending message 105 to peer 0x25dd5980 (34 bytes)
1751986123.648125 sending message 105 to peer 0x25dd5980 (31 bytes)
1751986123.648127 sending message 105 to peer 0x25dd5980 (109 bytes)
1751986123.648128 sending message 105 to peer 0x25dd5980 (32 bytes)
1751986123.648130 sending message 105 to peer 0x25dd5980 (24 bytes)
1751986123.648134 sending message 105 to peer 0x25dd5980 (54 bytes)
1751986123.648137 sending message 106 to peer 0x25dd5980 (0 bytes)
1751986123.648195 sending message 200 to peer 0x25dd5980 (4 bytes)
1751986123.648198 client loop enter
1751986123.650180 peer 0x25dd5980 message 303
1751986123.650189 open write file 2 -
1751986123.650196 sending message 305 to peer 0x25dd5980 (8 bytes)
1751986123.650209 write check file 2
1751986123.650347 peer 0x25dd5980 message 304
1751986123.650352 write 58 to file 2
1751986123.650356 peer 0x25dd5980 message 203
1751986123.650358 file 2 58 bytes left
1751986123.650371 write check file 2
1751986123.650387 client loop exit
